<?xml version="1.0" encoding="UTF-8"?>
<testsuite name="test.java.TestJUnit" tests="1" skipped="0" failures="0" errors="0" timestamp="2018-06-11T16:14:01" hostname="Studiersklave" time="0.002">
  <properties/>
  <testcase name="packageTest" classname="test.java.TestJUnit" time="0.002"/>
  <system-out><![CDATA[]]></system-out>
  <system-err><![CDATA[]]></system-err>
</testsuite>
