<?xml version="1.0" encoding="UTF-8"?>
<testsuite name="test.java.TestJUnit" tests="1" skipped="0" failures="0" errors="0" timestamp="2018-06-25T11:37:08" hostname="Studiersklave" time="0.001">
  <properties/>
  <testcase name="packageTest" classname="test.java.TestJUnit" time="0.001"/>
  <system-out><![CDATA[]]></system-out>
  <system-err><![CDATA[]]></system-err>
</testsuite>
